<?xml version="1.0" encoding="UTF-8"?>
<testng-results ignored="0" total="1" passed="1" failed="0" skipped="0">
  <reporter-output>
  </reporter-output>
  <suite started-at="2022-08-28T12:13:28 IST" name="Automation" finished-at="2022-08-28T12:13:43 IST" duration-ms="14361">
    <groups>
    </groups>
    <test started-at="2022-08-28T12:13:28 IST" name="Search" finished-at="2022-08-28T12:13:43 IST" duration-ms="14361">
      <class name="com.google.page.GoogleSearchPage">
        <test-method is-config="true" signature="launchApplication()[pri:0, instance:com.google.page.GoogleSearchPage@793be5ca]" started-at="2022-08-28T12:13:28 IST" name="launchApplication" finished-at="2022-08-28T12:13:33 IST" duration-ms="4960" status="PASS">
          <reporter-output>
          </reporter-output>
        </test-method> <!-- launchApplication -->
        <test-method signature="search()[pri:0, instance:com.google.page.GoogleSearchPage@793be5ca]" started-at="2022-08-28T12:13:33 IST" name="search" finished-at="2022-08-28T12:13:38 IST" duration-ms="5125" status="PASS">
          <reporter-output>
          </reporter-output>
        </test-method> <!-- search -->
        <test-method is-config="true" signature="closeApplication()[pri:0, instance:com.google.page.GoogleSearchPage@793be5ca]" started-at="2022-08-28T12:13:38 IST" name="closeApplication" finished-at="2022-08-28T12:13:43 IST" duration-ms="4221" status="PASS">
          <reporter-output>
          </reporter-output>
        </test-method> <!-- closeApplication -->
      </class> <!-- com.google.page.GoogleSearchPage -->
    </test> <!-- Search -->
  </suite> <!-- Automation -->
</testng-results>
